2026-04-27 22:28:23,749 - ERROR - Name cannot be empty
2026-05-03 21:22:35,988 - ERROR - Name cannot be empty
2026-05-07 21:21:27,206 - ERROR - Name cannot be empty
2026-05-07 21:21:27,206 - ERROR - name 'client1' is not defined
2026-05-07 21:46:26,624 - ERROR - Name cannot be empty
2026-05-07 22:04:44,513 - ERROR - Name cannot be empty
2026-05-07 22:15:14,013 - ERROR - Name cannot be empty
2026-05-07 22:21:40,555 - ERROR - Name cannot be empty
2026-05-07 22:26:12,643 - ERROR - Name cannot be empty
2026-05-07 22:32:29,345 - ERROR - Name cannot be empty
2026-05-07 22:39:36,127 - ERROR - Name cannot be empty
2026-05-07 22:49:27,448 - ERROR - Name cannot be empty
2026-05-07 22:49:27,449 - ERROR - Invalid email format
2026-05-07 22:49:27,450 - ERROR - Duration must be greater than 0
2026-05-07 22:49:27,450 - ERROR - Hours must be greater than 0
2026-05-07 22:49:27,450 - ERROR - Duration must be greater than 0
2026-05-07 22:51:33,159 - ERROR - Name cannot be empty
2026-05-07 22:51:33,159 - ERROR - Invalid email format
2026-05-07 22:51:33,159 - ERROR - Duration must be greater than 0
2026-05-07 22:51:33,159 - ERROR - Hours must be greater than 0
2026-05-07 22:51:33,159 - ERROR - Duration must be greater than 0
2026-05-07 22:52:34,103 - ERROR - Name cannot be empty
2026-05-07 22:52:34,103 - ERROR - Invalid email format
2026-05-07 22:52:34,103 - ERROR - Duration must be greater than 0
2026-05-07 22:52:34,104 - ERROR - Hours must be greater than 0
2026-05-07 22:52:34,104 - ERROR - Duration must be greater than 0
2026-05-07 22:52:50,422 - ERROR - Name cannot be empty
2026-05-07 22:52:50,422 - ERROR - Invalid email format
2026-05-07 22:52:50,422 - ERROR - Duration must be greater than 0
2026-05-07 22:52:50,422 - ERROR - Hours must be greater than 0
2026-05-07 22:52:50,422 - ERROR - Duration must be greater than 0
